Connecting to: DB:4C:AF:AB:A7:EC, address type: random
Service <uuid=8e400001-f315-4f60-9fb8-838830daea50 handleStart=36 handleEnd=65535> :
    Characteristic <8e400001-f315-4f60-9fb8-838830daea50>, hnd=0x25, supports NOTIFY WRITE 
Service <uuid=6e400001-b5a3-f393-e0a9-e50e24dcca9e handleStart=30 handleEnd=35> :
    Characteristic <6e400003-b5a3-f393-e0a9-e50e24dcca9e>, hnd=0x1f, supports NOTIFY 
    Characteristic <6e400002-b5a3-f393-e0a9-e50e24dcca9e>, hnd=0x22, supports WRITE NO RESPONSE WRITE 
Service <uuid=Generic Attribute handleStart=10 handleEnd=10> :
Service <uuid=Heart Rate handleStart=11 handleEnd=16> :
    Characteristic <Heart Rate Measurement>, hnd=0xc, supports NOTIFY 
    Characteristic <Body Sensor Location>, hnd=0xf, supports READ 
    -> b'\x01'
Service <uuid=Device Information handleStart=27 handleEnd=29> :
    Characteristic <Manufacturer Name String>, hnd=0x1c, supports READ 
    -> b'SIMPLO'
Service <uuid=Battery Service handleStart=23 handleEnd=26> :
    Characteristic <Battery Level>, hnd=0x18, supports NOTIFY READ 
    -> b'd'
Service <uuid=Running Speed and Cadence handleStart=17 handleEnd=22> :
    Characteristic <RSC Measurement>, hnd=0x12, supports NOTIFY 
    Characteristic <RSC Feature>, hnd=0x15, supports READ 
    -> b'\x07\x00'
Service <uuid=Generic Access handleStart=1 handleEnd=9> :
    Characteristic <Device Name>, hnd=0x2, supports READ WRITE 
    -> b'U-RUN_a7ec'
    Characteristic <Appearance>, hnd=0x4, supports READ 
    -> b'A\x03'
    Characteristic <Peripheral Preferred Connection Parameters>, hnd=0x6, supports READ 
    -> b'0\x00@\x00\x05\x00\x90\x01'
    Characteristic <Central Address Resolution>, hnd=0x8, supports READ 
    -> b'\x01'
